<?xml version="1.0" encoding="UTF-8"?>
<testsuite name="com.test.springboot.web.PostsApiControllerTest" tests="2" skipped="0" failures="0" errors="0" timestamp="2021-06-09T10:32:15" hostname="DESKTOP-EOND1QA" time="0.173">
  <properties/>
  <testcase name="update" classname="com.test.springboot.web.PostsApiControllerTest" time="0.137"/>
  <testcase name="register" classname="com.test.springboot.web.PostsApiControllerTest" time="0.034"/>
  <system-out><![CDATA[2021-06-09 19:32:15.278  INFO 10972 --- [    Test worker] .b.t.c.SpringBootTestContextBootstrapper : Neither @ContextConfiguration nor @ContextHierarchy found for test class [com.test.springboot.web.PostsApiControllerTest], using SpringBootContextLoader
2021-06-09 19:32:15.294  INFO 10972 --- [    Test worker] o.s.t.c.support.AbstractContextLoader    : Could not detect default resource locations for test class [com.test.springboot.web.PostsApiControllerTest]: no resource found for suffixes {-context.xml, Context.groovy}.
2021-06-09 19:32:15.294  INFO 10972 --- [    Test worker] t.c.s.AnnotationConfigContextLoaderUtils : Could not detect default configuration classes for test class [com.test.springboot.web.PostsApiControllerTest]: PostsApiControllerTest does not declare any static, non-private, non-final, nested classes annotated with @Configuration.
2021-06-09 19:32:15.294  INFO 10972 --- [    Test worker] .b.t.c.SpringBootTestContextBootstrapper : Found @SpringBootConfiguration com.test.springboot.Application for test class com.test.springboot.web.PostsApiControllerTest
2021-06-09 19:32:15.294  INFO 10972 --- [    Test worker] .b.t.c.SpringBootTestContextBootstrapper : Loaded default TestExecutionListener class names from location [META-INF/spring.factories]: [org.springframework.security.test.context.support.WithSecurityContextTestExecutionListener, org.springframework.security.test.context.support.ReactorContextTestExecutionListener, org.springframework.boot.test.autoconfigure.restdocs.RestDocsTestExecutionListener, org.springframework.boot.test.autoconfigure.web.client.MockRestServiceServerResetTestExecutionListener, org.springframework.boot.test.autoconfigure.web.servlet.MockMvcPrintOnlyOnFailureTestExecutionListener, org.springframework.boot.test.autoconfigure.web.servlet.WebDriverTestExecutionListener, org.springframework.boot.test.mock.mockito.MockitoTestExecutionListener, org.springframework.boot.test.mock.mockito.ResetMocksTestExecutionListener, org.springframework.test.context.web.ServletTestExecutionListener, org.springframework.test.context.support.DirtiesContextBeforeModesTestExecutionListener, org.springframework.test.context.support.DependencyInjectionTestExecutionListener, org.springframework.test.context.support.DirtiesContextTestExecutionListener, org.springframework.test.context.transaction.TransactionalTestExecutionListener, org.springframework.test.context.jdbc.SqlScriptsTestExecutionListener]
2021-06-09 19:32:15.294  INFO 10972 --- [    Test worker] .b.t.c.SpringBootTestContextBootstrapper : Using TestExecutionListeners: [org.springframework.test.context.web.ServletTestExecutionListener@fe28a2c, org.springframework.test.context.support.DirtiesContextBeforeModesTestExecutionListener@71e925c0, org.springframework.boot.test.mock.mockito.MockitoTestExecutionListener@20ee223b, org.springframework.boot.test.autoconfigure.SpringBootDependencyInjectionTestExecutionListener@c916c16, org.springframework.test.context.support.DirtiesContextTestExecutionListener@17392442, org.springframework.test.context.transaction.TransactionalTestExecutionListener@2fc6d440, org.springframework.test.context.jdbc.SqlScriptsTestExecutionListener@7ee8c479, org.springframework.security.test.context.support.WithSecurityContextTestExecutionListener@791ee66e, org.springframework.security.test.context.support.ReactorContextTestExecutionListener@275bc63b, org.springframework.boot.test.autoconfigure.restdocs.RestDocsTestExecutionListener@3ea67244, org.springframework.boot.test.autoconfigure.web.client.MockRestServiceServerResetTestExecutionListener@655a2e5, org.springframework.boot.test.autoconfigure.web.servlet.MockMvcPrintOnlyOnFailureTestExecutionListener@8f609d7, org.springframework.boot.test.autoconfigure.web.servlet.WebDriverTestExecutionListener@71657cec, org.springframework.boot.test.mock.mockito.ResetMocksTestExecutionListener@7cdc04d6]
2021-06-09 19:32:15.310  INFO 10972 --- [    Test worker] o.a.c.c.C.[Tomcat].[localhost].[/]       : Initializing Spring TestDispatcherServlet ''
2021-06-09 19:32:15.310  INFO 10972 --- [    Test worker] o.s.t.web.servlet.TestDispatcherServlet  : Initializing Servlet ''
2021-06-09 19:32:15.310  INFO 10972 --- [    Test worker] o.s.t.web.servlet.TestDispatcherServlet  : Completed initialization in 0 ms
Hibernate: insert into posts (id, created_date, modified_date, author, content, title) values (null, ?, ?, ?, ?, ?)
Hibernate: select posts0_.id as id1_0_0_, posts0_.created_date as created_2_0_0_, posts0_.modified_date as modified3_0_0_, posts0_.author as author4_0_0_, posts0_.content as content5_0_0_, posts0_.title as title6_0_0_ from posts posts0_ where posts0_.id=?
Hibernate: update posts set created_date=?, modified_date=?, author=?, content=?, title=? where id=?
Hibernate: select posts0_.id as id1_0_, posts0_.created_date as created_2_0_, posts0_.modified_date as modified3_0_, posts0_.author as author4_0_, posts0_.content as content5_0_, posts0_.title as title6_0_ from posts posts0_
Hibernate: select posts0_.id as id1_0_, posts0_.created_date as created_2_0_, posts0_.modified_date as modified3_0_, posts0_.author as author4_0_, posts0_.content as content5_0_, posts0_.title as title6_0_ from posts posts0_
Hibernate: delete from posts where id=?
2021-06-09 19:32:15.443  INFO 10972 --- [    Test worker] o.a.c.c.C.[Tomcat].[localhost].[/]       : Initializing Spring TestDispatcherServlet ''
2021-06-09 19:32:15.443  INFO 10972 --- [    Test worker] o.s.t.web.servlet.TestDispatcherServlet  : Initializing Servlet ''
2021-06-09 19:32:15.443  INFO 10972 --- [    Test worker] o.s.t.web.servlet.TestDispatcherServlet  : Completed initialization in 0 ms
Hibernate: insert into posts (id, created_date, modified_date, author, content, title) values (null, ?, ?, ?, ?, ?)
Hibernate: select posts0_.id as id1_0_, posts0_.created_date as created_2_0_, posts0_.modified_date as modified3_0_, posts0_.author as author4_0_, posts0_.content as content5_0_, posts0_.title as title6_0_ from posts posts0_
Hibernate: select posts0_.id as id1_0_, posts0_.created_date as created_2_0_, posts0_.modified_date as modified3_0_, posts0_.author as author4_0_, posts0_.content as content5_0_, posts0_.title as title6_0_ from posts posts0_
Hibernate: delete from posts where id=?
]]></system-out>
  <system-err><![CDATA[]]></system-err>
</testsuite>
