<?xml version="1.0" encoding="UTF-8"?>
<testsuite name="com.test.springboot.web.HelloControllerTest" tests="2" skipped="0" failures="0" errors="0" timestamp="2021-06-06T11:48:46" hostname="DESKTOP-EOND1QA" time="0.059">
  <properties/>
  <testcase name="helloDto" classname="com.test.springboot.web.HelloControllerTest" time="0.05"/>
  <testcase name="hello" classname="com.test.springboot.web.HelloControllerTest" time="0.008"/>
  <system-out><![CDATA[2021-06-06 20:48:45.559  INFO 12080 --- [    Test worker] .b.t.a.w.s.WebMvcTestContextBootstrapper : Neither @ContextConfiguration nor @ContextHierarchy found for test class [com.test.springboot.web.HelloControllerTest], using SpringBootContextLoader
2021-06-06 20:48:45.559  INFO 12080 --- [    Test worker] o.s.t.c.support.AbstractContextLoader    : Could not detect default resource locations for test class [com.test.springboot.web.HelloControllerTest]: no resource found for suffixes {-context.xml, Context.groovy}.
2021-06-06 20:48:45.559  INFO 12080 --- [    Test worker] t.c.s.AnnotationConfigContextLoaderUtils : Could not detect default configuration classes for test class [com.test.springboot.web.HelloControllerTest]: HelloControllerTest does not declare any static, non-private, non-final, nested classes annotated with @Configuration.
2021-06-06 20:48:45.575  INFO 12080 --- [    Test worker] .b.t.c.SpringBootTestContextBootstrapper : Found @SpringBootConfiguration com.test.springboot.Application for test class com.test.springboot.web.HelloControllerTest
2021-06-06 20:48:45.575  INFO 12080 --- [    Test worker] .b.t.a.w.s.WebMvcTestContextBootstrapper : Loaded default TestExecutionListener class names from location [META-INF/spring.factories]: [org.springframework.security.test.context.support.WithSecurityContextTestExecutionListener, org.springframework.security.test.context.support.ReactorContextTestExecutionListener, org.springframework.boot.test.autoconfigure.restdocs.RestDocsTestExecutionListener, org.springframework.boot.test.autoconfigure.web.client.MockRestServiceServerResetTestExecutionListener, org.springframework.boot.test.autoconfigure.web.servlet.MockMvcPrintOnlyOnFailureTestExecutionListener, org.springframework.boot.test.autoconfigure.web.servlet.WebDriverTestExecutionListener, org.springframework.boot.test.mock.mockito.MockitoTestExecutionListener, org.springframework.boot.test.mock.mockito.ResetMocksTestExecutionListener, org.springframework.test.context.web.ServletTestExecutionListener, org.springframework.test.context.support.DirtiesContextBeforeModesTestExecutionListener, org.springframework.test.context.support.DependencyInjectionTestExecutionListener, org.springframework.test.context.support.DirtiesContextTestExecutionListener, org.springframework.test.context.transaction.TransactionalTestExecutionListener, org.springframework.test.context.jdbc.SqlScriptsTestExecutionListener]
2021-06-06 20:48:45.575  INFO 12080 --- [    Test worker] .b.t.a.w.s.WebMvcTestContextBootstrapper : Using TestExecutionListeners: [org.springframework.test.context.web.ServletTestExecutionListener@1b10556d, org.springframework.test.context.support.DirtiesContextBeforeModesTestExecutionListener@643b6b4c, org.springframework.boot.test.mock.mockito.MockitoTestExecutionListener@29959a7, org.springframework.boot.test.autoconfigure.SpringBootDependencyInjectionTestExecutionListener@68d2282, org.springframework.test.context.support.DirtiesContextTestExecutionListener@1fafb403, org.springframework.test.context.transaction.TransactionalTestExecutionListener@2071ddb1, org.springframework.test.context.jdbc.SqlScriptsTestExecutionListener@68edfc79, org.springframework.security.test.context.support.WithSecurityContextTestExecutionListener@79b5ad4, org.springframework.security.test.context.support.ReactorContextTestExecutionListener@65f6e988, org.springframework.boot.test.autoconfigure.restdocs.RestDocsTestExecutionListener@4b443cd2, org.springframework.boot.test.autoconfigure.web.client.MockRestServiceServerResetTestExecutionListener@4c4d1ff7, org.springframework.boot.test.autoconfigure.web.servlet.MockMvcPrintOnlyOnFailureTestExecutionListener@115db150, org.springframework.boot.test.autoconfigure.web.servlet.WebDriverTestExecutionListener@43b5b05a, org.springframework.boot.test.mock.mockito.ResetMocksTestExecutionListener@29fda652]

  .   ____          _            __ _ _
 /\\ / ___'_ __ _ _(_)_ __  __ _ \ \ \ \
( ( )\___ | '_ | '_| | '_ \/ _` | \ \ \ \
 \\/  ___)| |_)| | | | | || (_| |  ) ) ) )
  '  |____| .__|_| |_|_| |_\__, | / / / /
 =========|_|==============|___/=/_/_/_/
 :: Spring Boot ::        (v2.1.7.RELEASE)

2021-06-06 20:48:45.606  INFO 12080 --- [    Test worker] c.t.springboot.web.HelloControllerTest   : Starting HelloControllerTest on DESKTOP-EOND1QA with PID 12080 (started by 임씨 in C:\Users\임씨\IdeaProjects\test)
2021-06-06 20:48:45.606  INFO 12080 --- [    Test worker] c.t.springboot.web.HelloControllerTest   : No active profile set, falling back to default profiles: default
2021-06-06 20:48:46.124  INFO 12080 --- [    Test worker] o.s.s.concurrent.ThreadPoolTaskExecutor  : Initializing ExecutorService 'applicationTaskExecutor'
2021-06-06 20:48:46.435  INFO 12080 --- [    Test worker] .s.s.UserDetailsServiceAutoConfiguration : 

Using generated security password: c3eb8297-223a-492f-8563-6af5d449033b

2021-06-06 20:48:46.610  INFO 12080 --- [    Test worker] o.s.s.web.DefaultSecurityFilterChain     : Creating filter chain: any request, [org.springframework.security.web.context.request.async.WebAsyncManagerIntegrationFilter@5b91f838, org.springframework.security.web.context.SecurityContextPersistenceFilter@7f559f78, org.springframework.security.web.header.HeaderWriterFilter@2359f77a, org.springframework.security.web.csrf.CsrfFilter@3b6b85bb, org.springframework.security.web.authentication.logout.LogoutFilter@7ca70231, org.springframework.security.web.authentication.UsernamePasswordAuthenticationFilter@5d73e8b6, org.springframework.security.web.authentication.ui.DefaultLoginPageGeneratingFilter@353eb240, org.springframework.security.web.authentication.ui.DefaultLogoutPageGeneratingFilter@46af477a, org.springframework.security.web.authentication.www.BasicAuthenticationFilter@1405ff0d, org.springframework.security.web.savedrequest.RequestCacheAwareFilter@5a8c053b, org.springframework.security.web.servletapi.SecurityContextHolderAwareRequestFilter@3682db37, org.springframework.security.web.authentication.AnonymousAuthenticationFilter@7de93535, org.springframework.security.web.session.SessionManagementFilter@4478e8f7, org.springframework.security.web.access.ExceptionTranslationFilter@3232f9d0, org.springframework.security.web.access.intercept.FilterSecurityInterceptor@39c69572]
2021-06-06 20:48:46.626  INFO 12080 --- [    Test worker] o.s.b.t.m.w.SpringBootMockServletContext : Initializing Spring TestDispatcherServlet ''
2021-06-06 20:48:46.626  INFO 12080 --- [    Test worker] o.s.t.web.servlet.TestDispatcherServlet  : Initializing Servlet ''
2021-06-06 20:48:46.657  INFO 12080 --- [    Test worker] o.s.t.web.servlet.TestDispatcherServlet  : Completed initialization in 31 ms
2021-06-06 20:48:46.704  INFO 12080 --- [    Test worker] c.t.springboot.web.HelloControllerTest   : Started HelloControllerTest in 1.129 seconds (JVM running for 12.766)
]]></system-out>
  <system-err><![CDATA[]]></system-err>
</testsuite>
