<?xml version="1.0" encoding="UTF-8"?>
<testsuite name="com.test.springboot.web.HelloControllerTest" tests="2" skipped="0" failures="0" errors="0" timestamp="2021-06-09T10:32:11" hostname="DESKTOP-EOND1QA" time="0.224">
  <properties/>
  <testcase name="helloDto" classname="com.test.springboot.web.HelloControllerTest" time="0.213"/>
  <testcase name="hello" classname="com.test.springboot.web.HelloControllerTest" time="0.01"/>
  <system-out><![CDATA[2021-06-09 19:32:10.309  INFO 10972 --- [    Test worker] .b.t.a.w.s.WebMvcTestContextBootstrapper : Neither @ContextConfiguration nor @ContextHierarchy found for test class [com.test.springboot.web.HelloControllerTest], using SpringBootContextLoader
2021-06-09 19:32:10.309  INFO 10972 --- [    Test worker] o.s.t.c.support.AbstractContextLoader    : Could not detect default resource locations for test class [com.test.springboot.web.HelloControllerTest]: no resource found for suffixes {-context.xml, Context.groovy}.
2021-06-09 19:32:10.309  INFO 10972 --- [    Test worker] t.c.s.AnnotationConfigContextLoaderUtils : Could not detect default configuration classes for test class [com.test.springboot.web.HelloControllerTest]: HelloControllerTest does not declare any static, non-private, non-final, nested classes annotated with @Configuration.
2021-06-09 19:32:10.358  INFO 10972 --- [    Test worker] .b.t.c.SpringBootTestContextBootstrapper : Found @SpringBootConfiguration com.test.springboot.Application for test class com.test.springboot.web.HelloControllerTest
2021-06-09 19:32:10.358  INFO 10972 --- [    Test worker] .b.t.a.w.s.WebMvcTestContextBootstrapper : Loaded default TestExecutionListener class names from location [META-INF/spring.factories]: [org.springframework.security.test.context.support.WithSecurityContextTestExecutionListener, org.springframework.security.test.context.support.ReactorContextTestExecutionListener, org.springframework.boot.test.autoconfigure.restdocs.RestDocsTestExecutionListener, org.springframework.boot.test.autoconfigure.web.client.MockRestServiceServerResetTestExecutionListener, org.springframework.boot.test.autoconfigure.web.servlet.MockMvcPrintOnlyOnFailureTestExecutionListener, org.springframework.boot.test.autoconfigure.web.servlet.WebDriverTestExecutionListener, org.springframework.boot.test.mock.mockito.MockitoTestExecutionListener, org.springframework.boot.test.mock.mockito.ResetMocksTestExecutionListener, org.springframework.test.context.web.ServletTestExecutionListener, org.springframework.test.context.support.DirtiesContextBeforeModesTestExecutionListener, org.springframework.test.context.support.DependencyInjectionTestExecutionListener, org.springframework.test.context.support.DirtiesContextTestExecutionListener, org.springframework.test.context.transaction.TransactionalTestExecutionListener, org.springframework.test.context.jdbc.SqlScriptsTestExecutionListener]
2021-06-09 19:32:10.358  INFO 10972 --- [    Test worker] .b.t.a.w.s.WebMvcTestContextBootstrapper : Using TestExecutionListeners: [org.springframework.test.context.web.ServletTestExecutionListener@55cc6bfe, org.springframework.test.context.support.DirtiesContextBeforeModesTestExecutionListener@1854767e, org.springframework.boot.test.mock.mockito.MockitoTestExecutionListener@78c085ab, org.springframework.boot.test.autoconfigure.SpringBootDependencyInjectionTestExecutionListener@1410046, org.springframework.test.context.support.DirtiesContextTestExecutionListener@3764180b, org.springframework.test.context.transaction.TransactionalTestExecutionListener@c387f1f, org.springframework.test.context.jdbc.SqlScriptsTestExecutionListener@70295eee, org.springframework.security.test.context.support.WithSecurityContextTestExecutionListener@79e3239d, org.springframework.security.test.context.support.ReactorContextTestExecutionListener@6e50d8ea, org.springframework.boot.test.autoconfigure.restdocs.RestDocsTestExecutionListener@21df82b8, org.springframework.boot.test.autoconfigure.web.client.MockRestServiceServerResetTestExecutionListener@1b3b6643, org.springframework.boot.test.autoconfigure.web.servlet.MockMvcPrintOnlyOnFailureTestExecutionListener@7b244172, org.springframework.boot.test.autoconfigure.web.servlet.WebDriverTestExecutionListener@13db5174, org.springframework.boot.test.mock.mockito.ResetMocksTestExecutionListener@4e4cdbf5]

  .   ____          _            __ _ _
 /\\ / ___'_ __ _ _(_)_ __  __ _ \ \ \ \
( ( )\___ | '_ | '_| | '_ \/ _` | \ \ \ \
 \\/  ___)| |_)| | | | | || (_| |  ) ) ) )
  '  |____| .__|_| |_|_| |_\__, | / / / /
 =========|_|==============|___/=/_/_/_/
 :: Spring Boot ::        (v2.1.7.RELEASE)

2021-06-09 19:32:10.405  INFO 10972 --- [    Test worker] c.t.springboot.web.HelloControllerTest   : Starting HelloControllerTest on DESKTOP-EOND1QA with PID 10972 (started by 임씨 in C:\Users\임씨\IdeaProjects\test)
2021-06-09 19:32:10.420  INFO 10972 --- [    Test worker] c.t.springboot.web.HelloControllerTest   : No active profile set, falling back to default profiles: default
2021-06-09 19:32:11.078  INFO 10972 --- [    Test worker] o.s.s.concurrent.ThreadPoolTaskExecutor  : Initializing ExecutorService 'applicationTaskExecutor'
2021-06-09 19:32:11.124  INFO 10972 --- [    Test worker] o.s.b.a.w.s.WelcomePageHandlerMapping    : Adding welcome page template: index
2021-06-09 19:32:11.397  INFO 10972 --- [    Test worker] .s.s.UserDetailsServiceAutoConfiguration : 

Using generated security password: d639981f-a6d8-4b96-9da5-17e57d9e9902

2021-06-09 19:32:11.603  INFO 10972 --- [    Test worker] o.s.s.web.DefaultSecurityFilterChain     : Creating filter chain: any request, [org.springframework.security.web.context.request.async.WebAsyncManagerIntegrationFilter@7aa07dd1, org.springframework.security.web.context.SecurityContextPersistenceFilter@1e12fa87, org.springframework.security.web.header.HeaderWriterFilter@c28e95c, org.springframework.security.web.csrf.CsrfFilter@13115794, org.springframework.security.web.authentication.logout.LogoutFilter@5ea638ce, org.springframework.security.web.authentication.UsernamePasswordAuthenticationFilter@225935c4, org.springframework.security.web.authentication.ui.DefaultLoginPageGeneratingFilter@57764c90, org.springframework.security.web.authentication.ui.DefaultLogoutPageGeneratingFilter@25f66015, org.springframework.security.web.authentication.www.BasicAuthenticationFilter@1e89bff8, org.springframework.security.web.savedrequest.RequestCacheAwareFilter@6c264578, org.springframework.security.web.servletapi.SecurityContextHolderAwareRequestFilter@278f23a9, org.springframework.security.web.authentication.AnonymousAuthenticationFilter@76536d2c, org.springframework.security.web.session.SessionManagementFilter@151ca2ba, org.springframework.security.web.access.ExceptionTranslationFilter@5454d257, org.springframework.security.web.access.intercept.FilterSecurityInterceptor@16564185]
2021-06-09 19:32:11.687  INFO 10972 --- [    Test worker] o.s.b.t.m.w.SpringBootMockServletContext : Initializing Spring TestDispatcherServlet ''
2021-06-09 19:32:11.687  INFO 10972 --- [    Test worker] o.s.t.web.servlet.TestDispatcherServlet  : Initializing Servlet ''
2021-06-09 19:32:11.702  INFO 10972 --- [    Test worker] o.s.t.web.servlet.TestDispatcherServlet  : Completed initialization in 15 ms
2021-06-09 19:32:11.749  INFO 10972 --- [    Test worker] c.t.springboot.web.HelloControllerTest   : Started HelloControllerTest in 1.391 seconds (JVM running for 10.094)
]]></system-out>
  <system-err><![CDATA[]]></system-err>
</testsuite>
