<?xml version="1.0" encoding="UTF-8"?>
<testsuite name="com.test.springboot.web.IndexControllerTest" tests="1" skipped="0" failures="0" errors="0" timestamp="2021-06-09T06:22:03" hostname="DESKTOP-EOND1QA" time="0.565">
  <properties/>
  <testcase name="index" classname="com.test.springboot.web.IndexControllerTest" time="0.565"/>
  <system-out><![CDATA[15:21:54.818 [Test worker] DEBUG org.springframework.test.context.junit4.SpringJUnit4ClassRunner - SpringJUnit4ClassRunner constructor called with [class com.test.springboot.web.IndexControllerTest]
15:21:54.828 [Test worker] DEBUG org.springframework.test.context.BootstrapUtils - Instantiating CacheAwareContextLoaderDelegate from class [org.springframework.test.context.cache.DefaultCacheAwareContextLoaderDelegate]
15:21:54.844 [Test worker] DEBUG org.springframework.test.context.BootstrapUtils - Instantiating BootstrapContext using constructor [public org.springframework.test.context.support.DefaultBootstrapContext(java.lang.Class,org.springframework.test.context.CacheAwareContextLoaderDelegate)]
15:21:54.868 [Test worker] DEBUG org.springframework.test.context.BootstrapUtils - Instantiating TestContextBootstrapper for test class [com.test.springboot.web.IndexControllerTest] from class [org.springframework.boot.test.context.SpringBootTestContextBootstrapper]
15:21:54.889 [Test worker] INFO org.springframework.boot.test.context.SpringBootTestContextBootstrapper - Neither @ContextConfiguration nor @ContextHierarchy found for test class [com.test.springboot.web.IndexControllerTest], using SpringBootContextLoader
15:21:54.893 [Test worker] DEBUG org.springframework.test.context.support.AbstractContextLoader - Did not detect default resource location for test class [com.test.springboot.web.IndexControllerTest]: class path resource [com/test/springboot/web/IndexControllerTest-context.xml] does not exist
15:21:54.894 [Test worker] DEBUG org.springframework.test.context.support.AbstractContextLoader - Did not detect default resource location for test class [com.test.springboot.web.IndexControllerTest]: class path resource [com/test/springboot/web/IndexControllerTestContext.groovy] does not exist
15:21:54.894 [Test worker] INFO org.springframework.test.context.support.AbstractContextLoader - Could not detect default resource locations for test class [com.test.springboot.web.IndexControllerTest]: no resource found for suffixes {-context.xml, Context.groovy}.
15:21:54.896 [Test worker] INFO org.springframework.test.context.support.AnnotationConfigContextLoaderUtils - Could not detect default configuration classes for test class [com.test.springboot.web.IndexControllerTest]: IndexControllerTest does not declare any static, non-private, non-final, nested classes annotated with @Configuration.
15:21:54.953 [Test worker] DEBUG org.springframework.test.context.support.ActiveProfilesUtils - Could not find an 'annotation declaring class' for annotation type [org.springframework.test.context.ActiveProfiles] and class [com.test.springboot.web.IndexControllerTest]
15:21:55.106 [Test worker] DEBUG org.springframework.context.annotation.ClassPathScanningCandidateComponentProvider - Identified candidate component class: file [C:\Users\임씨\IdeaProjects\test\build\classes\java\main\com\test\springboot\Application.class]
15:21:55.108 [Test worker] INFO org.springframework.boot.test.context.SpringBootTestContextBootstrapper - Found @SpringBootConfiguration com.test.springboot.Application for test class com.test.springboot.web.IndexControllerTest
15:21:55.260 [Test worker] DEBUG org.springframework.boot.test.context.SpringBootTestContextBootstrapper - @TestExecutionListeners is not present for class [com.test.springboot.web.IndexControllerTest]: using defaults.
15:21:55.261 [Test worker] INFO org.springframework.boot.test.context.SpringBootTestContextBootstrapper - Loaded default TestExecutionListener class names from location [META-INF/spring.factories]: [org.springframework.security.test.context.support.WithSecurityContextTestExecutionListener, org.springframework.security.test.context.support.ReactorContextTestExecutionListener, org.springframework.boot.test.autoconfigure.restdocs.RestDocsTestExecutionListener, org.springframework.boot.test.autoconfigure.web.client.MockRestServiceServerResetTestExecutionListener, org.springframework.boot.test.autoconfigure.web.servlet.MockMvcPrintOnlyOnFailureTestExecutionListener, org.springframework.boot.test.autoconfigure.web.servlet.WebDriverTestExecutionListener, org.springframework.boot.test.mock.mockito.MockitoTestExecutionListener, org.springframework.boot.test.mock.mockito.ResetMocksTestExecutionListener, org.springframework.test.context.web.ServletTestExecutionListener, org.springframework.test.context.support.DirtiesContextBeforeModesTestExecutionListener, org.springframework.test.context.support.DependencyInjectionTestExecutionListener, org.springframework.test.context.support.DirtiesContextTestExecutionListener, org.springframework.test.context.transaction.TransactionalTestExecutionListener, org.springframework.test.context.jdbc.SqlScriptsTestExecutionListener]
15:21:55.297 [Test worker] INFO org.springframework.boot.test.context.SpringBootTestContextBootstrapper - Using TestExecutionListeners: [org.springframework.test.context.web.ServletTestExecutionListener@1b5038a7, org.springframework.test.context.support.DirtiesContextBeforeModesTestExecutionListener@abe9525, org.springframework.boot.test.mock.mockito.MockitoTestExecutionListener@180abc7c, org.springframework.boot.test.autoconfigure.SpringBootDependencyInjectionTestExecutionListener@56894a82, org.springframework.test.context.support.DirtiesContextTestExecutionListener@4c86c5f4, org.springframework.test.context.transaction.TransactionalTestExecutionListener@32ef66fc, org.springframework.test.context.jdbc.SqlScriptsTestExecutionListener@7f4bd581, org.springframework.security.test.context.support.WithSecurityContextTestExecutionListener@630a5db0, org.springframework.security.test.context.support.ReactorContextTestExecutionListener@19d98d40, org.springframework.boot.test.autoconfigure.restdocs.RestDocsTestExecutionListener@5048c001, org.springframework.boot.test.autoconfigure.web.client.MockRestServiceServerResetTestExecutionListener@718ee054, org.springframework.boot.test.autoconfigure.web.servlet.MockMvcPrintOnlyOnFailureTestExecutionListener@40d8c408, org.springframework.boot.test.autoconfigure.web.servlet.WebDriverTestExecutionListener@153ef2de, org.springframework.boot.test.mock.mockito.ResetMocksTestExecutionListener@3e070b0]
15:21:55.301 [Test worker] DEBUG org.springframework.test.annotation.ProfileValueUtils - Retrieved @ProfileValueSourceConfiguration [null] for test class [com.test.springboot.web.IndexControllerTest]
15:21:55.302 [Test worker] DEBUG org.springframework.test.annotation.ProfileValueUtils - Retrieved ProfileValueSource type [class org.springframework.test.annotation.SystemProfileValueSource] for class [com.test.springboot.web.IndexControllerTest]
15:21:55.306 [Test worker] DEBUG org.springframework.test.annotation.ProfileValueUtils - Retrieved @ProfileValueSourceConfiguration [null] for test class [com.test.springboot.web.IndexControllerTest]
15:21:55.307 [Test worker] DEBUG org.springframework.test.annotation.ProfileValueUtils - Retrieved ProfileValueSource type [class org.springframework.test.annotation.SystemProfileValueSource] for class [com.test.springboot.web.IndexControllerTest]
15:21:55.308 [Test worker] DEBUG org.springframework.test.annotation.ProfileValueUtils - Retrieved @ProfileValueSourceConfiguration [null] for test class [com.test.springboot.web.IndexControllerTest]
15:21:55.308 [Test worker] DEBUG org.springframework.test.annotation.ProfileValueUtils - Retrieved ProfileValueSource type [class org.springframework.test.annotation.SystemProfileValueSource] for class [com.test.springboot.web.IndexControllerTest]
15:21:55.316 [Test worker] DEBUG org.springframework.test.context.support.AbstractDirtiesContextTestExecutionListener - Before test class: context [DefaultTestContext@323ac65c testClass = IndexControllerTest, testInstance = [null], testMethod = [null], testException = [null], mergedContextConfiguration = [WebMergedContextConfiguration@555893ef testClass = IndexControllerTest, locations = '{}', classes = '{class com.test.springboot.Application}', contextInitializerClasses = '[]', activeProfiles = '{}', propertySourceLocations = '{}', propertySourceProperties = '{org.springframework.boot.test.context.SpringBootTestContextBootstrapper=true, server.port=0}', contextCustomizers = set[org.springframework.boot.test.autoconfigure.properties.PropertyMappingContextCustomizer@0, org.springframework.boot.test.autoconfigure.web.servlet.WebDriverContextCustomizerFactory$Customizer@19fbe1c5, org.springframework.boot.test.context.filter.ExcludeFilterContextCustomizer@75e8d015, org.springframework.boot.test.json.DuplicateJsonObjectContextCustomizerFactory$DuplicateJsonObjectContextCustomizer@3f3c58ce, org.springframework.boot.test.mock.mockito.MockitoContextCustomizer@0, org.springframework.boot.test.web.client.TestRestTemplateContextCustomizer@7d9a2dbd], resourceBasePath = 'src/main/webapp', contextLoader = 'org.springframework.boot.test.context.SpringBootContextLoader', parent = [null]], attributes = map['org.springframework.test.context.web.ServletTestExecutionListener.activateListener' -> false]], class annotated with @DirtiesContext [false] with mode [null].
15:21:55.318 [Test worker] DEBUG org.springframework.test.annotation.ProfileValueUtils - Retrieved @ProfileValueSourceConfiguration [null] for test class [com.test.springboot.web.IndexControllerTest]
15:21:55.318 [Test worker] DEBUG org.springframework.test.annotation.ProfileValueUtils - Retrieved ProfileValueSource type [class org.springframework.test.annotation.SystemProfileValueSource] for class [com.test.springboot.web.IndexControllerTest]
15:21:55.326 [Test worker] DEBUG org.springframework.test.context.support.DependencyInjectionTestExecutionListener - Performing dependency injection for test context [[DefaultTestContext@323ac65c testClass = IndexControllerTest, testInstance = com.test.springboot.web.IndexControllerTest@32379ea1, testMethod = [null], testException = [null], mergedContextConfiguration = [WebMergedContextConfiguration@555893ef testClass = IndexControllerTest, locations = '{}', classes = '{class com.test.springboot.Application}', contextInitializerClasses = '[]', activeProfiles = '{}', propertySourceLocations = '{}', propertySourceProperties = '{org.springframework.boot.test.context.SpringBootTestContextBootstrapper=true, server.port=0}', contextCustomizers = set[org.springframework.boot.test.autoconfigure.properties.PropertyMappingContextCustomizer@0, org.springframework.boot.test.autoconfigure.web.servlet.WebDriverContextCustomizerFactory$Customizer@19fbe1c5, org.springframework.boot.test.context.filter.ExcludeFilterContextCustomizer@75e8d015, org.springframework.boot.test.json.DuplicateJsonObjectContextCustomizerFactory$DuplicateJsonObjectContextCustomizer@3f3c58ce, org.springframework.boot.test.mock.mockito.MockitoContextCustomizer@0, org.springframework.boot.test.web.client.TestRestTemplateContextCustomizer@7d9a2dbd], resourceBasePath = 'src/main/webapp', contextLoader = 'org.springframework.boot.test.context.SpringBootContextLoader', parent = [null]], attributes = map['org.springframework.test.context.web.ServletTestExecutionListener.activateListener' -> false]]].
15:21:55.358 [Test worker] DEBUG org.springframework.test.context.support.TestPropertySourceUtils - Adding inlined properties to environment: {spring.jmx.enabled=false, org.springframework.boot.test.context.SpringBootTestContextBootstrapper=true, server.port=0}

  .   ____          _            __ _ _
 /\\ / ___'_ __ _ _(_)_ __  __ _ \ \ \ \
( ( )\___ | '_ | '_| | '_ \/ _` | \ \ \ \
 \\/  ___)| |_)| | | | | || (_| |  ) ) ) )
  '  |____| .__|_| |_|_| |_\__, | / / / /
 =========|_|==============|___/=/_/_/_/
 :: Spring Boot ::        (v2.1.7.RELEASE)

2021-06-09 15:21:55.700  INFO 1292 --- [    Test worker] c.t.springboot.web.IndexControllerTest   : Starting IndexControllerTest on DESKTOP-EOND1QA with PID 1292 (started by 임씨 in C:\Users\임씨\IdeaProjects\test)
2021-06-09 15:21:55.703  INFO 1292 --- [    Test worker] c.t.springboot.web.IndexControllerTest   : No active profile set, falling back to default profiles: default
2021-06-09 15:21:56.811  INFO 1292 --- [    Test worker] .s.d.r.c.RepositoryConfigurationDelegate : Bootstrapping Spring Data repositories in DEFAULT mode.
2021-06-09 15:21:56.926  INFO 1292 --- [    Test worker] .s.d.r.c.RepositoryConfigurationDelegate : Finished Spring Data repository scanning in 101ms. Found 2 repository interfaces.
2021-06-09 15:21:57.448  INFO 1292 --- [    Test worker] trationDelegate$BeanPostProcessorChecker : Bean 'org.springframework.transaction.annotation.ProxyTransactionManagementConfiguration' of type [org.springframework.transaction.annotation.ProxyTransactionManagementConfiguration$$EnhancerBySpringCGLIB$$6e56daf] is not eligible for getting processed by all BeanPostProcessors (for example: not eligible for auto-proxying)
2021-06-09 15:21:57.960  INFO 1292 --- [    Test worker] o.s.b.w.embedded.tomcat.TomcatWebServer  : Tomcat initialized with port(s): 0 (http)
2021-06-09 15:21:57.991  INFO 1292 --- [    Test worker] o.apache.catalina.core.StandardService   : Starting service [Tomcat]
2021-06-09 15:21:57.992  INFO 1292 --- [    Test worker] org.apache.catalina.core.StandardEngine  : Starting Servlet engine: [Apache Tomcat/9.0.22]
2021-06-09 15:21:58.153  INFO 1292 --- [    Test worker] o.a.c.c.C.[Tomcat].[localhost].[/]       : Initializing Spring embedded WebApplicationContext
2021-06-09 15:21:58.154  INFO 1292 --- [    Test worker] o.s.web.context.ContextLoader            : Root WebApplicationContext: initialization completed in 2421 ms
2021-06-09 15:21:58.569  INFO 1292 --- [    Test worker] com.zaxxer.hikari.HikariDataSource       : HikariPool-1 - Starting...
2021-06-09 15:21:58.811  INFO 1292 --- [    Test worker] com.zaxxer.hikari.HikariDataSource       : HikariPool-1 - Start completed.
2021-06-09 15:21:58.977  INFO 1292 --- [    Test worker] o.hibernate.jpa.internal.util.LogHelper  : HHH000204: Processing PersistenceUnitInfo [
	name: default
	...]
2021-06-09 15:21:59.127  INFO 1292 --- [    Test worker] org.hibernate.Version                    : HHH000412: Hibernate Core {5.3.10.Final}
2021-06-09 15:21:59.130  INFO 1292 --- [    Test worker] org.hibernate.cfg.Environment            : HHH000206: hibernate.properties not found
2021-06-09 15:21:59.427  INFO 1292 --- [    Test worker] o.hibernate.annotations.common.Version   : HCANN000001: Hibernate Commons Annotations {5.0.4.Final}
2021-06-09 15:21:59.740  INFO 1292 --- [    Test worker] org.hibernate.dialect.Dialect            : HHH000400: Using dialect: org.hibernate.dialect.H2Dialect
Hibernate: drop table posts if exists
Hibernate: drop table user if exists
Hibernate: create table posts (id bigint generated by default as identity, created_date timestamp, modified_date timestamp, author varchar(255), content TEXT not null, title varchar(500) not null, primary key (id))
Hibernate: create table user (id bigint generated by default as identity, created_date timestamp, modified_date timestamp, email varchar(255) not null, name varchar(255) not null, picture varchar(255), role varchar(255) not null, primary key (id))
2021-06-09 15:22:00.716  INFO 1292 --- [    Test worker] o.h.t.schema.internal.SchemaCreatorImpl  : HHH000476: Executing import script 'org.hibernate.tool.schema.internal.exec.ScriptSourceInputNonExistentImpl@67f78809'
2021-06-09 15:22:00.722  INFO 1292 --- [    Test worker] j.LocalContainerEntityManagerFactoryBean : Initialized JPA EntityManagerFactory for persistence unit 'default'
2021-06-09 15:22:01.791  INFO 1292 --- [    Test worker] o.h.h.i.QueryTranslatorFactoryInitiator  : HHH000397: Using ASTQueryTranslatorFactory
2021-06-09 15:22:02.501  INFO 1292 --- [    Test worker] o.s.s.web.DefaultSecurityFilterChain     : Creating filter chain: any request, [org.springframework.security.web.context.request.async.WebAsyncManagerIntegrationFilter@725ab23a, org.springframework.security.web.context.SecurityContextPersistenceFilter@398c2ac4, org.springframework.security.web.header.HeaderWriterFilter@399fd7e4, org.springframework.security.web.authentication.logout.LogoutFilter@673c9b23, org.springframework.security.oauth2.client.web.OAuth2AuthorizationRequestRedirectFilter@2758b40d, org.springframework.security.oauth2.client.web.OAuth2LoginAuthenticationFilter@32e51d58, org.springframework.security.web.authentication.ui.DefaultLoginPageGeneratingFilter@7a2753af, org.springframework.security.web.authentication.ui.DefaultLogoutPageGeneratingFilter@6058159c, org.springframework.security.web.savedrequest.RequestCacheAwareFilter@62ecb36b, org.springframework.security.web.servletapi.SecurityContextHolderAwareRequestFilter@63273969, org.springframework.security.web.authentication.AnonymousAuthenticationFilter@26f04791, org.springframework.security.web.session.SessionManagementFilter@79c05030, org.springframework.security.web.access.ExceptionTranslationFilter@7e400858, org.springframework.security.web.access.intercept.FilterSecurityInterceptor@4901a836]
2021-06-09 15:22:03.065  INFO 1292 --- [    Test worker] o.s.s.concurrent.ThreadPoolTaskExecutor  : Initializing ExecutorService 'applicationTaskExecutor'
2021-06-09 15:22:03.169  WARN 1292 --- [    Test worker] aWebConfiguration$JpaWebMvcConfiguration : spring.jpa.open-in-view is enabled by default. Therefore, database queries may be performed during view rendering. Explicitly configure spring.jpa.open-in-view to disable this warning
2021-06-09 15:22:03.811  INFO 1292 --- [    Test worker] o.s.b.w.embedded.tomcat.TomcatWebServer  : Tomcat started on port(s): 58064 (http) with context path ''
2021-06-09 15:22:03.814  INFO 1292 --- [    Test worker] c.t.springboot.web.IndexControllerTest   : Started IndexControllerTest in 8.454 seconds (JVM running for 9.932)
2021-06-09 15:22:04.078  INFO 1292 --- [o-auto-1-exec-2] o.a.c.c.C.[Tomcat].[localhost].[/]       : Initializing Spring DispatcherServlet 'dispatcherServlet'
2021-06-09 15:22:04.078  INFO 1292 --- [o-auto-1-exec-2] o.s.web.servlet.DispatcherServlet        : Initializing Servlet 'dispatcherServlet'
2021-06-09 15:22:04.120  INFO 1292 --- [o-auto-1-exec-2] o.s.web.servlet.DispatcherServlet        : Completed initialization in 42 ms
Hibernate: select posts0_.id as id1_0_, posts0_.created_date as created_2_0_, posts0_.modified_date as modified3_0_, posts0_.author as author4_0_, posts0_.content as content5_0_, posts0_.title as title6_0_ from posts posts0_ order by posts0_.id desc
]]></system-out>
  <system-err><![CDATA[]]></system-err>
</testsuite>
