<?xml version="1.0" encoding="UTF-8"?>
<testsuite name="com.test.springboot.web.IndexControllerTest" tests="1" skipped="0" failures="0" errors="0" timestamp="2021-06-09T10:32:15" hostname="DESKTOP-EOND1QA" time="0.252">
  <properties/>
  <testcase name="index" classname="com.test.springboot.web.IndexControllerTest" time="0.252"/>
  <system-out><![CDATA[2021-06-09 19:32:11.985  INFO 10972 --- [    Test worker] .b.t.c.SpringBootTestContextBootstrapper : Neither @ContextConfiguration nor @ContextHierarchy found for test class [com.test.springboot.web.IndexControllerTest], using SpringBootContextLoader
2021-06-09 19:32:11.985  INFO 10972 --- [    Test worker] o.s.t.c.support.AbstractContextLoader    : Could not detect default resource locations for test class [com.test.springboot.web.IndexControllerTest]: no resource found for suffixes {-context.xml, Context.groovy}.
2021-06-09 19:32:11.985  INFO 10972 --- [    Test worker] t.c.s.AnnotationConfigContextLoaderUtils : Could not detect default configuration classes for test class [com.test.springboot.web.IndexControllerTest]: IndexControllerTest does not declare any static, non-private, non-final, nested classes annotated with @Configuration.
2021-06-09 19:32:11.985  INFO 10972 --- [    Test worker] .b.t.c.SpringBootTestContextBootstrapper : Found @SpringBootConfiguration com.test.springboot.Application for test class com.test.springboot.web.IndexControllerTest
2021-06-09 19:32:11.985  INFO 10972 --- [    Test worker] .b.t.c.SpringBootTestContextBootstrapper : Loaded default TestExecutionListener class names from location [META-INF/spring.factories]: [org.springframework.security.test.context.support.WithSecurityContextTestExecutionListener, org.springframework.security.test.context.support.ReactorContextTestExecutionListener, org.springframework.boot.test.autoconfigure.restdocs.RestDocsTestExecutionListener, org.springframework.boot.test.autoconfigure.web.client.MockRestServiceServerResetTestExecutionListener, org.springframework.boot.test.autoconfigure.web.servlet.MockMvcPrintOnlyOnFailureTestExecutionListener, org.springframework.boot.test.autoconfigure.web.servlet.WebDriverTestExecutionListener, org.springframework.boot.test.mock.mockito.MockitoTestExecutionListener, org.springframework.boot.test.mock.mockito.ResetMocksTestExecutionListener, org.springframework.test.context.web.ServletTestExecutionListener, org.springframework.test.context.support.DirtiesContextBeforeModesTestExecutionListener, org.springframework.test.context.support.DependencyInjectionTestExecutionListener, org.springframework.test.context.support.DirtiesContextTestExecutionListener, org.springframework.test.context.transaction.TransactionalTestExecutionListener, org.springframework.test.context.jdbc.SqlScriptsTestExecutionListener]
2021-06-09 19:32:11.985  INFO 10972 --- [    Test worker] .b.t.c.SpringBootTestContextBootstrapper : Using TestExecutionListeners: [org.springframework.test.context.web.ServletTestExecutionListener@730bd587, org.springframework.test.context.support.DirtiesContextBeforeModesTestExecutionListener@5035edab, org.springframework.boot.test.mock.mockito.MockitoTestExecutionListener@5c9084cc, org.springframework.boot.test.autoconfigure.SpringBootDependencyInjectionTestExecutionListener@2e00da5b, org.springframework.test.context.support.DirtiesContextTestExecutionListener@38a85f1, org.springframework.test.context.transaction.TransactionalTestExecutionListener@7c2d789e, org.springframework.test.context.jdbc.SqlScriptsTestExecutionListener@24c32533, org.springframework.security.test.context.support.WithSecurityContextTestExecutionListener@cb9f1f2, org.springframework.security.test.context.support.ReactorContextTestExecutionListener@5bcb4899, org.springframework.boot.test.autoconfigure.restdocs.RestDocsTestExecutionListener@4c3522f6, org.springframework.boot.test.autoconfigure.web.client.MockRestServiceServerResetTestExecutionListener@71e27cfe, org.springframework.boot.test.autoconfigure.web.servlet.MockMvcPrintOnlyOnFailureTestExecutionListener@32972551, org.springframework.boot.test.autoconfigure.web.servlet.WebDriverTestExecutionListener@33192c1a, org.springframework.boot.test.mock.mockito.ResetMocksTestExecutionListener@56de9a1d]

  .   ____          _            __ _ _
 /\\ / ___'_ __ _ _(_)_ __  __ _ \ \ \ \
( ( )\___ | '_ | '_| | '_ \/ _` | \ \ \ \
 \\/  ___)| |_)| | | | | || (_| |  ) ) ) )
  '  |____| .__|_| |_|_| |_\__, | / / / /
 =========|_|==============|___/=/_/_/_/
 :: Spring Boot ::        (v2.1.7.RELEASE)

2021-06-09 19:32:12.047  INFO 10972 --- [    Test worker] c.t.springboot.web.IndexControllerTest   : Starting IndexControllerTest on DESKTOP-EOND1QA with PID 10972 (started by 임씨 in C:\Users\임씨\IdeaProjects\test)
2021-06-09 19:32:12.047  INFO 10972 --- [    Test worker] c.t.springboot.web.IndexControllerTest   : No active profile set, falling back to default profiles: default
2021-06-09 19:32:12.346  INFO 10972 --- [    Test worker] .s.d.r.c.RepositoryConfigurationDelegate : Bootstrapping Spring Data repositories in DEFAULT mode.
2021-06-09 19:32:12.393  INFO 10972 --- [    Test worker] .s.d.r.c.RepositoryConfigurationDelegate : Finished Spring Data repository scanning in 47ms. Found 2 repository interfaces.
2021-06-09 19:32:12.503  INFO 10972 --- [    Test worker] trationDelegate$BeanPostProcessorChecker : Bean 'org.springframework.transaction.annotation.ProxyTransactionManagementConfiguration' of type [org.springframework.transaction.annotation.ProxyTransactionManagementConfiguration$$EnhancerBySpringCGLIB$$19f61ea6] is not eligible for getting processed by all BeanPostProcessors (for example: not eligible for auto-proxying)
2021-06-09 19:32:12.888  INFO 10972 --- [    Test worker] o.s.b.w.embedded.tomcat.TomcatWebServer  : Tomcat initialized with port(s): 0 (http)
2021-06-09 19:32:12.935  INFO 10972 --- [    Test worker] o.apache.catalina.core.StandardService   : Starting service [Tomcat]
2021-06-09 19:32:12.935  INFO 10972 --- [    Test worker] org.apache.catalina.core.StandardEngine  : Starting Servlet engine: [Apache Tomcat/9.0.22]
2021-06-09 19:32:13.139  INFO 10972 --- [    Test worker] o.a.c.c.C.[Tomcat].[localhost].[/]       : Initializing Spring embedded WebApplicationContext
2021-06-09 19:32:13.139  INFO 10972 --- [    Test worker] o.s.web.context.ContextLoader            : Root WebApplicationContext: initialization completed in 1092 ms
2021-06-09 19:32:13.452  INFO 10972 --- [    Test worker] com.zaxxer.hikari.HikariDataSource       : HikariPool-2 - Starting...
2021-06-09 19:32:13.452  INFO 10972 --- [    Test worker] com.zaxxer.hikari.HikariDataSource       : HikariPool-2 - Start completed.
2021-06-09 19:32:13.499  INFO 10972 --- [    Test worker] o.hibernate.jpa.internal.util.LogHelper  : HHH000204: Processing PersistenceUnitInfo [
	name: default
	...]
2021-06-09 19:32:13.514  INFO 10972 --- [    Test worker] org.hibernate.dialect.Dialect            : HHH000400: Using dialect: org.hibernate.dialect.H2Dialect
Hibernate: drop table posts if exists
Hibernate: drop table user if exists
Hibernate: create table posts (id bigint generated by default as identity, created_date timestamp, modified_date timestamp, author varchar(255), content TEXT not null, title varchar(500) not null, primary key (id))
Hibernate: create table user (id bigint generated by default as identity, created_date timestamp, modified_date timestamp, email varchar(255) not null, name varchar(255) not null, picture varchar(255), role varchar(255) not null, primary key (id))
2021-06-09 19:32:13.577  INFO 10972 --- [    Test worker] o.h.t.schema.internal.SchemaCreatorImpl  : HHH000476: Executing import script 'org.hibernate.tool.schema.internal.exec.ScriptSourceInputNonExistentImpl@41f38065'
2021-06-09 19:32:13.577  INFO 10972 --- [    Test worker] j.LocalContainerEntityManagerFactoryBean : Initialized JPA EntityManagerFactory for persistence unit 'default'
2021-06-09 19:32:13.890  INFO 10972 --- [    Test worker] o.h.h.i.QueryTranslatorFactoryInitiator  : HHH000397: Using ASTQueryTranslatorFactory
2021-06-09 19:32:14.187  INFO 10972 --- [    Test worker] o.s.s.web.DefaultSecurityFilterChain     : Creating filter chain: any request, [org.springframework.security.web.context.request.async.WebAsyncManagerIntegrationFilter@b23e04e, org.springframework.security.web.context.SecurityContextPersistenceFilter@6ebd35e2, org.springframework.security.web.header.HeaderWriterFilter@1c41b9, org.springframework.security.web.authentication.logout.LogoutFilter@5c604bab, org.springframework.security.oauth2.client.web.OAuth2AuthorizationRequestRedirectFilter@5ffb1deb, org.springframework.security.oauth2.client.web.OAuth2LoginAuthenticationFilter@5ba115cd, org.springframework.security.web.authentication.ui.DefaultLoginPageGeneratingFilter@5bf57712, org.springframework.security.web.authentication.ui.DefaultLogoutPageGeneratingFilter@705ab2ef, org.springframework.security.web.savedrequest.RequestCacheAwareFilter@241f606b, org.springframework.security.web.servletapi.SecurityContextHolderAwareRequestFilter@46ececd8, org.springframework.security.web.authentication.AnonymousAuthenticationFilter@7749fd4a, org.springframework.security.web.session.SessionManagementFilter@59b89780, org.springframework.security.web.access.ExceptionTranslationFilter@106b406e, org.springframework.security.web.access.intercept.FilterSecurityInterceptor@80e6184]
2021-06-09 19:32:14.499  INFO 10972 --- [    Test worker] o.s.s.concurrent.ThreadPoolTaskExecutor  : Initializing ExecutorService 'applicationTaskExecutor'
2021-06-09 19:32:14.514  WARN 10972 --- [    Test worker] aWebConfiguration$JpaWebMvcConfiguration : spring.jpa.open-in-view is enabled by default. Therefore, database queries may be performed during view rendering. Explicitly configure spring.jpa.open-in-view to disable this warning
2021-06-09 19:32:14.552  INFO 10972 --- [    Test worker] o.s.b.a.w.s.WelcomePageHandlerMapping    : Adding welcome page template: index
2021-06-09 19:32:15.028  INFO 10972 --- [    Test worker] o.s.b.w.embedded.tomcat.TomcatWebServer  : Tomcat started on port(s): 60485 (http) with context path ''
2021-06-09 19:32:15.028  INFO 10972 --- [    Test worker] c.t.springboot.web.IndexControllerTest   : Started IndexControllerTest in 3.028 seconds (JVM running for 13.361)
2021-06-09 19:32:15.169  INFO 10972 --- [o-auto-1-exec-1] o.a.c.c.C.[Tomcat].[localhost].[/]       : Initializing Spring DispatcherServlet 'dispatcherServlet'
2021-06-09 19:32:15.169  INFO 10972 --- [o-auto-1-exec-1] o.s.web.servlet.DispatcherServlet        : Initializing Servlet 'dispatcherServlet'
2021-06-09 19:32:15.185  INFO 10972 --- [o-auto-1-exec-1] o.s.web.servlet.DispatcherServlet        : Completed initialization in 16 ms
Hibernate: select posts0_.id as id1_0_, posts0_.created_date as created_2_0_, posts0_.modified_date as modified3_0_, posts0_.author as author4_0_, posts0_.content as content5_0_, posts0_.title as title6_0_ from posts posts0_ order by posts0_.id desc
]]></system-out>
  <system-err><![CDATA[]]></system-err>
</testsuite>
