<?xml version="1.0" encoding="UTF-8"?>
<testsuite name="com.test.springboot.web.dto.HelloResponseDtoTest" tests="1" skipped="0" failures="0" errors="0" timestamp="2021-06-06T11:48:45" hostname="DESKTOP-EOND1QA" time="0.003">
  <properties/>
  <testcase name="dd" classname="com.test.springboot.web.dto.HelloResponseDtoTest" time="0.003"/>
  <system-out><![CDATA[]]></system-out>
  <system-err><![CDATA[]]></system-err>
</testsuite>
