<?xml version="1.0" encoding="UTF-8"?>
<testsuite name="com.test.springboot.web.IndexControllerTest" tests="1" skipped="0" failures="0" errors="0" timestamp="2021-06-05T09:39:54" hostname="DESKTOP-EOND1QA" time="0.065">
  <properties/>
  <testcase name="index" classname="com.test.springboot.web.IndexControllerTest" time="0.065"/>
  <system-out><![CDATA[2021-06-05 18:39:54.045  INFO 5976 --- [    Test worker] .b.t.c.SpringBootTestContextBootstrapper : Neither @ContextConfiguration nor @ContextHierarchy found for test class [com.test.springboot.web.IndexControllerTest], using SpringBootContextLoader
2021-06-05 18:39:54.060  INFO 5976 --- [    Test worker] o.s.t.c.support.AbstractContextLoader    : Could not detect default resource locations for test class [com.test.springboot.web.IndexControllerTest]: no resource found for suffixes {-context.xml, Context.groovy}.
2021-06-05 18:39:54.060  INFO 5976 --- [    Test worker] t.c.s.AnnotationConfigContextLoaderUtils : Could not detect default configuration classes for test class [com.test.springboot.web.IndexControllerTest]: IndexControllerTest does not declare any static, non-private, non-final, nested classes annotated with @Configuration.
2021-06-05 18:39:54.060  INFO 5976 --- [    Test worker] .b.t.c.SpringBootTestContextBootstrapper : Found @SpringBootConfiguration com.test.springboot.Application for test class com.test.springboot.web.IndexControllerTest
2021-06-05 18:39:54.060  INFO 5976 --- [    Test worker] .b.t.c.SpringBootTestContextBootstrapper : Loaded default TestExecutionListener class names from location [META-INF/spring.factories]: [org.springframework.security.test.context.support.WithSecurityContextTestExecutionListener, org.springframework.security.test.context.support.ReactorContextTestExecutionListener, org.springframework.boot.test.autoconfigure.restdocs.RestDocsTestExecutionListener, org.springframework.boot.test.autoconfigure.web.client.MockRestServiceServerResetTestExecutionListener, org.springframework.boot.test.autoconfigure.web.servlet.MockMvcPrintOnlyOnFailureTestExecutionListener, org.springframework.boot.test.autoconfigure.web.servlet.WebDriverTestExecutionListener, org.springframework.boot.test.mock.mockito.MockitoTestExecutionListener, org.springframework.boot.test.mock.mockito.ResetMocksTestExecutionListener, org.springframework.test.context.web.ServletTestExecutionListener, org.springframework.test.context.support.DirtiesContextBeforeModesTestExecutionListener, org.springframework.test.context.support.DependencyInjectionTestExecutionListener, org.springframework.test.context.support.DirtiesContextTestExecutionListener, org.springframework.test.context.transaction.TransactionalTestExecutionListener, org.springframework.test.context.jdbc.SqlScriptsTestExecutionListener]
2021-06-05 18:39:54.060  INFO 5976 --- [    Test worker] .b.t.c.SpringBootTestContextBootstrapper : Using TestExecutionListeners: [org.springframework.test.context.web.ServletTestExecutionListener@14f17462, org.springframework.test.context.support.DirtiesContextBeforeModesTestExecutionListener@65f73713, org.springframework.boot.test.mock.mockito.MockitoTestExecutionListener@17b36440, org.springframework.boot.test.autoconfigure.SpringBootDependencyInjectionTestExecutionListener@25406799, org.springframework.test.context.support.DirtiesContextTestExecutionListener@3a0d5537, org.springframework.test.context.transaction.TransactionalTestExecutionListener@669eb2ca, org.springframework.test.context.jdbc.SqlScriptsTestExecutionListener@6a835b3d, org.springframework.security.test.context.support.WithSecurityContextTestExecutionListener@4cd9855b, org.springframework.security.test.context.support.ReactorContextTestExecutionListener@1c2dc51a, org.springframework.boot.test.autoconfigure.restdocs.RestDocsTestExecutionListener@f362cb7, org.springframework.boot.test.autoconfigure.web.client.MockRestServiceServerResetTestExecutionListener@7f1cc4df, org.springframework.boot.test.autoconfigure.web.servlet.MockMvcPrintOnlyOnFailureTestExecutionListener@7f6f653a, org.springframework.boot.test.autoconfigure.web.servlet.WebDriverTestExecutionListener@d186ad8, org.springframework.boot.test.mock.mockito.ResetMocksTestExecutionListener@33f5bc58]
Hibernate: select posts0_.id as id1_0_, posts0_.created_date as created_2_0_, posts0_.modified_date as modified3_0_, posts0_.author as author4_0_, posts0_.content as content5_0_, posts0_.title as title6_0_ from posts posts0_ order by posts0_.id desc
]]></system-out>
  <system-err><![CDATA[]]></system-err>
</testsuite>
