<?xml version="1.0" encoding="UTF-8"?>
<testsuite name="com.test.springboot.web.IndexControllerTest" tests="1" skipped="0" failures="0" errors="0" timestamp="2021-06-06T11:48:42" hostname="DESKTOP-EOND1QA" time="0.54">
  <properties/>
  <testcase name="index" classname="com.test.springboot.web.IndexControllerTest" time="0.54"/>
  <system-out><![CDATA[20:48:34.666 [Test worker] DEBUG org.springframework.test.context.junit4.SpringJUnit4ClassRunner - SpringJUnit4ClassRunner constructor called with [class com.test.springboot.web.IndexControllerTest]
20:48:34.681 [Test worker] DEBUG org.springframework.test.context.BootstrapUtils - Instantiating CacheAwareContextLoaderDelegate from class [org.springframework.test.context.cache.DefaultCacheAwareContextLoaderDelegate]
20:48:34.697 [Test worker] DEBUG org.springframework.test.context.BootstrapUtils - Instantiating BootstrapContext using constructor [public org.springframework.test.context.support.DefaultBootstrapContext(java.lang.Class,org.springframework.test.context.CacheAwareContextLoaderDelegate)]
20:48:34.713 [Test worker] DEBUG org.springframework.test.context.BootstrapUtils - Instantiating TestContextBootstrapper for test class [com.test.springboot.web.IndexControllerTest] from class [org.springframework.boot.test.context.SpringBootTestContextBootstrapper]
20:48:34.728 [Test worker] INFO org.springframework.boot.test.context.SpringBootTestContextBootstrapper - Neither @ContextConfiguration nor @ContextHierarchy found for test class [com.test.springboot.web.IndexControllerTest], using SpringBootContextLoader
20:48:34.728 [Test worker] DEBUG org.springframework.test.context.support.AbstractContextLoader - Did not detect default resource location for test class [com.test.springboot.web.IndexControllerTest]: class path resource [com/test/springboot/web/IndexControllerTest-context.xml] does not exist
20:48:34.728 [Test worker] DEBUG org.springframework.test.context.support.AbstractContextLoader - Did not detect default resource location for test class [com.test.springboot.web.IndexControllerTest]: class path resource [com/test/springboot/web/IndexControllerTestContext.groovy] does not exist
20:48:34.728 [Test worker] INFO org.springframework.test.context.support.AbstractContextLoader - Could not detect default resource locations for test class [com.test.springboot.web.IndexControllerTest]: no resource found for suffixes {-context.xml, Context.groovy}.
20:48:34.728 [Test worker] INFO org.springframework.test.context.support.AnnotationConfigContextLoaderUtils - Could not detect default configuration classes for test class [com.test.springboot.web.IndexControllerTest]: IndexControllerTest does not declare any static, non-private, non-final, nested classes annotated with @Configuration.
20:48:34.775 [Test worker] DEBUG org.springframework.test.context.support.ActiveProfilesUtils - Could not find an 'annotation declaring class' for annotation type [org.springframework.test.context.ActiveProfiles] and class [com.test.springboot.web.IndexControllerTest]
20:48:34.916 [Test worker] DEBUG org.springframework.context.annotation.ClassPathScanningCandidateComponentProvider - Identified candidate component class: file [C:\Users\임씨\IdeaProjects\test\build\classes\java\main\com\test\springboot\Application.class]
20:48:34.916 [Test worker] INFO org.springframework.boot.test.context.SpringBootTestContextBootstrapper - Found @SpringBootConfiguration com.test.springboot.Application for test class com.test.springboot.web.IndexControllerTest
20:48:35.026 [Test worker] DEBUG org.springframework.boot.test.context.SpringBootTestContextBootstrapper - @TestExecutionListeners is not present for class [com.test.springboot.web.IndexControllerTest]: using defaults.
20:48:35.026 [Test worker] INFO org.springframework.boot.test.context.SpringBootTestContextBootstrapper - Loaded default TestExecutionListener class names from location [META-INF/spring.factories]: [org.springframework.security.test.context.support.WithSecurityContextTestExecutionListener, org.springframework.security.test.context.support.ReactorContextTestExecutionListener, org.springframework.boot.test.autoconfigure.restdocs.RestDocsTestExecutionListener, org.springframework.boot.test.autoconfigure.web.client.MockRestServiceServerResetTestExecutionListener, org.springframework.boot.test.autoconfigure.web.servlet.MockMvcPrintOnlyOnFailureTestExecutionListener, org.springframework.boot.test.autoconfigure.web.servlet.WebDriverTestExecutionListener, org.springframework.boot.test.mock.mockito.MockitoTestExecutionListener, org.springframework.boot.test.mock.mockito.ResetMocksTestExecutionListener, org.springframework.test.context.web.ServletTestExecutionListener, org.springframework.test.context.support.DirtiesContextBeforeModesTestExecutionListener, org.springframework.test.context.support.DependencyInjectionTestExecutionListener, org.springframework.test.context.support.DirtiesContextTestExecutionListener, org.springframework.test.context.transaction.TransactionalTestExecutionListener, org.springframework.test.context.jdbc.SqlScriptsTestExecutionListener]
20:48:35.057 [Test worker] INFO org.springframework.boot.test.context.SpringBootTestContextBootstrapper - Using TestExecutionListeners: [org.springframework.test.context.web.ServletTestExecutionListener@2c7b2dd5, org.springframework.test.context.support.DirtiesContextBeforeModesTestExecutionListener@31d584c2, org.springframework.boot.test.mock.mockito.MockitoTestExecutionListener@318e1dff, org.springframework.boot.test.autoconfigure.SpringBootDependencyInjectionTestExecutionListener@5904db82, org.springframework.test.context.support.DirtiesContextTestExecutionListener@2c6440f2, org.springframework.test.context.transaction.TransactionalTestExecutionListener@318a2228, org.springframework.test.context.jdbc.SqlScriptsTestExecutionListener@702aa003, org.springframework.security.test.context.support.WithSecurityContextTestExecutionListener@f8dad4f, org.springframework.security.test.context.support.ReactorContextTestExecutionListener@1e00f9c, org.springframework.boot.test.autoconfigure.restdocs.RestDocsTestExecutionListener@611be6ea, org.springframework.boot.test.autoconfigure.web.client.MockRestServiceServerResetTestExecutionListener@44946872, org.springframework.boot.test.autoconfigure.web.servlet.MockMvcPrintOnlyOnFailureTestExecutionListener@2691527a, org.springframework.boot.test.autoconfigure.web.servlet.WebDriverTestExecutionListener@278c35db, org.springframework.boot.test.mock.mockito.ResetMocksTestExecutionListener@199eab76]
20:48:35.057 [Test worker] DEBUG org.springframework.test.annotation.ProfileValueUtils - Retrieved @ProfileValueSourceConfiguration [null] for test class [com.test.springboot.web.IndexControllerTest]
20:48:35.057 [Test worker] DEBUG org.springframework.test.annotation.ProfileValueUtils - Retrieved ProfileValueSource type [class org.springframework.test.annotation.SystemProfileValueSource] for class [com.test.springboot.web.IndexControllerTest]
20:48:35.057 [Test worker] DEBUG org.springframework.test.annotation.ProfileValueUtils - Retrieved @ProfileValueSourceConfiguration [null] for test class [com.test.springboot.web.IndexControllerTest]
20:48:35.057 [Test worker] DEBUG org.springframework.test.annotation.ProfileValueUtils - Retrieved ProfileValueSource type [class org.springframework.test.annotation.SystemProfileValueSource] for class [com.test.springboot.web.IndexControllerTest]
20:48:35.072 [Test worker] DEBUG org.springframework.test.context.support.AbstractDirtiesContextTestExecutionListener - Before test class: context [DefaultTestContext@7a6b748e testClass = IndexControllerTest, testInstance = [null], testMethod = [null], testException = [null], mergedContextConfiguration = [WebMergedContextConfiguration@45a3d416 testClass = IndexControllerTest, locations = '{}', classes = '{class com.test.springboot.Application}', contextInitializerClasses = '[]', activeProfiles = '{}', propertySourceLocations = '{}', propertySourceProperties = '{org.springframework.boot.test.context.SpringBootTestContextBootstrapper=true, server.port=0}', contextCustomizers = set[org.springframework.boot.test.autoconfigure.properties.PropertyMappingContextCustomizer@0, org.springframework.boot.test.autoconfigure.web.servlet.WebDriverContextCustomizerFactory$Customizer@78d0cc62, org.springframework.boot.test.context.filter.ExcludeFilterContextCustomizer@3a6d9162, org.springframework.boot.test.json.DuplicateJsonObjectContextCustomizerFactory$DuplicateJsonObjectContextCustomizer@513bdf97, org.springframework.boot.test.mock.mockito.MockitoContextCustomizer@0, org.springframework.boot.test.web.client.TestRestTemplateContextCustomizer@4362d61e], resourceBasePath = 'src/main/webapp', contextLoader = 'org.springframework.boot.test.context.SpringBootContextLoader', parent = [null]], attributes = map['org.springframework.test.context.web.ServletTestExecutionListener.activateListener' -> false]], class annotated with @DirtiesContext [false] with mode [null].
20:48:35.072 [Test worker] DEBUG org.springframework.test.annotation.ProfileValueUtils - Retrieved @ProfileValueSourceConfiguration [null] for test class [com.test.springboot.web.IndexControllerTest]
20:48:35.072 [Test worker] DEBUG org.springframework.test.annotation.ProfileValueUtils - Retrieved ProfileValueSource type [class org.springframework.test.annotation.SystemProfileValueSource] for class [com.test.springboot.web.IndexControllerTest]
20:48:35.072 [Test worker] DEBUG org.springframework.test.context.support.DependencyInjectionTestExecutionListener - Performing dependency injection for test context [[DefaultTestContext@7a6b748e testClass = IndexControllerTest, testInstance = com.test.springboot.web.IndexControllerTest@59993d56, testMethod = [null], testException = [null], mergedContextConfiguration = [WebMergedContextConfiguration@45a3d416 testClass = IndexControllerTest, locations = '{}', classes = '{class com.test.springboot.Application}', contextInitializerClasses = '[]', activeProfiles = '{}', propertySourceLocations = '{}', propertySourceProperties = '{org.springframework.boot.test.context.SpringBootTestContextBootstrapper=true, server.port=0}', contextCustomizers = set[org.springframework.boot.test.autoconfigure.properties.PropertyMappingContextCustomizer@0, org.springframework.boot.test.autoconfigure.web.servlet.WebDriverContextCustomizerFactory$Customizer@78d0cc62, org.springframework.boot.test.context.filter.ExcludeFilterContextCustomizer@3a6d9162, org.springframework.boot.test.json.DuplicateJsonObjectContextCustomizerFactory$DuplicateJsonObjectContextCustomizer@513bdf97, org.springframework.boot.test.mock.mockito.MockitoContextCustomizer@0, org.springframework.boot.test.web.client.TestRestTemplateContextCustomizer@4362d61e], resourceBasePath = 'src/main/webapp', contextLoader = 'org.springframework.boot.test.context.SpringBootContextLoader', parent = [null]], attributes = map['org.springframework.test.context.web.ServletTestExecutionListener.activateListener' -> false]]].
20:48:35.088 [Test worker] DEBUG org.springframework.test.context.support.TestPropertySourceUtils - Adding inlined properties to environment: {spring.jmx.enabled=false, org.springframework.boot.test.context.SpringBootTestContextBootstrapper=true, server.port=0}

  .   ____          _            __ _ _
 /\\ / ___'_ __ _ _(_)_ __  __ _ \ \ \ \
( ( )\___ | '_ | '_| | '_ \/ _` | \ \ \ \
 \\/  ___)| |_)| | | | | || (_| |  ) ) ) )
  '  |____| .__|_| |_|_| |_\__, | / / / /
 =========|_|==============|___/=/_/_/_/
 :: Spring Boot ::        (v2.1.7.RELEASE)

2021-06-06 20:48:35.395  INFO 12080 --- [    Test worker] c.t.springboot.web.IndexControllerTest   : Starting IndexControllerTest on DESKTOP-EOND1QA with PID 12080 (started by 임씨 in C:\Users\임씨\IdeaProjects\test)
2021-06-06 20:48:35.395  INFO 12080 --- [    Test worker] c.t.springboot.web.IndexControllerTest   : No active profile set, falling back to default profiles: default
2021-06-06 20:48:36.358  INFO 12080 --- [    Test worker] .s.d.r.c.RepositoryConfigurationDelegate : Bootstrapping Spring Data repositories in DEFAULT mode.
2021-06-06 20:48:36.468  INFO 12080 --- [    Test worker] .s.d.r.c.RepositoryConfigurationDelegate : Finished Spring Data repository scanning in 94ms. Found 2 repository interfaces.
2021-06-06 20:48:36.977  INFO 12080 --- [    Test worker] trationDelegate$BeanPostProcessorChecker : Bean 'org.springframework.transaction.annotation.ProxyTransactionManagementConfiguration' of type [org.springframework.transaction.annotation.ProxyTransactionManagementConfiguration$$EnhancerBySpringCGLIB$$23ff5146] is not eligible for getting processed by all BeanPostProcessors (for example: not eligible for auto-proxying)
2021-06-06 20:48:37.447  INFO 12080 --- [    Test worker] o.s.b.w.embedded.tomcat.TomcatWebServer  : Tomcat initialized with port(s): 0 (http)
2021-06-06 20:48:37.478  INFO 12080 --- [    Test worker] o.apache.catalina.core.StandardService   : Starting service [Tomcat]
2021-06-06 20:48:37.478  INFO 12080 --- [    Test worker] org.apache.catalina.core.StandardEngine  : Starting Servlet engine: [Apache Tomcat/9.0.22]
2021-06-06 20:48:37.635  INFO 12080 --- [    Test worker] o.a.c.c.C.[Tomcat].[localhost].[/]       : Initializing Spring embedded WebApplicationContext
2021-06-06 20:48:37.635  INFO 12080 --- [    Test worker] o.s.web.context.ContextLoader            : Root WebApplicationContext: initialization completed in 2209 ms
2021-06-06 20:48:38.027  INFO 12080 --- [    Test worker] com.zaxxer.hikari.HikariDataSource       : HikariPool-1 - Starting...
2021-06-06 20:48:38.253  INFO 12080 --- [    Test worker] com.zaxxer.hikari.HikariDataSource       : HikariPool-1 - Start completed.
2021-06-06 20:48:38.364  INFO 12080 --- [    Test worker] o.hibernate.jpa.internal.util.LogHelper  : HHH000204: Processing PersistenceUnitInfo [
	name: default
	...]
2021-06-06 20:48:38.489  INFO 12080 --- [    Test worker] org.hibernate.Version                    : HHH000412: Hibernate Core {5.3.10.Final}
2021-06-06 20:48:38.505  INFO 12080 --- [    Test worker] org.hibernate.cfg.Environment            : HHH000206: hibernate.properties not found
2021-06-06 20:48:38.739  INFO 12080 --- [    Test worker] o.hibernate.annotations.common.Version   : HCANN000001: Hibernate Commons Annotations {5.0.4.Final}
2021-06-06 20:48:38.974  INFO 12080 --- [    Test worker] org.hibernate.dialect.Dialect            : HHH000400: Using dialect: org.hibernate.dialect.H2Dialect
Hibernate: drop table posts if exists
Hibernate: drop table user if exists
Hibernate: create table posts (id bigint generated by default as identity, created_date timestamp, modified_date timestamp, author varchar(255), content TEXT not null, title varchar(500) not null, primary key (id))
Hibernate: create table user (id bigint generated by default as identity, created_date timestamp, modified_date timestamp, email varchar(255) not null, name varchar(255) not null, picture varchar(255), role varchar(255) not null, primary key (id))
2021-06-06 20:48:39.843  INFO 12080 --- [    Test worker] o.h.t.schema.internal.SchemaCreatorImpl  : HHH000476: Executing import script 'org.hibernate.tool.schema.internal.exec.ScriptSourceInputNonExistentImpl@32394c06'
2021-06-06 20:48:39.843  INFO 12080 --- [    Test worker] j.LocalContainerEntityManagerFactoryBean : Initialized JPA EntityManagerFactory for persistence unit 'default'
2021-06-06 20:48:40.768  INFO 12080 --- [    Test worker] o.h.h.i.QueryTranslatorFactoryInitiator  : HHH000397: Using ASTQueryTranslatorFactory
2021-06-06 20:48:41.355  INFO 12080 --- [    Test worker] o.s.s.web.DefaultSecurityFilterChain     : Creating filter chain: any request, [org.springframework.security.web.context.request.async.WebAsyncManagerIntegrationFilter@235b8be2, org.springframework.security.web.context.SecurityContextPersistenceFilter@51140609, org.springframework.security.web.header.HeaderWriterFilter@36995dc3, org.springframework.security.web.authentication.logout.LogoutFilter@3f5d8da9, org.springframework.security.oauth2.client.web.OAuth2AuthorizationRequestRedirectFilter@705bd5e8, org.springframework.security.oauth2.client.web.OAuth2LoginAuthenticationFilter@19840cbc, org.springframework.security.web.authentication.ui.DefaultLoginPageGeneratingFilter@5dc456dc, org.springframework.security.web.authentication.ui.DefaultLogoutPageGeneratingFilter@7e5aa2bb, org.springframework.security.web.savedrequest.RequestCacheAwareFilter@305640a1, org.springframework.security.web.servletapi.SecurityContextHolderAwareRequestFilter@d951884, org.springframework.security.web.authentication.AnonymousAuthenticationFilter@418b4fc4, org.springframework.security.web.session.SessionManagementFilter@372c343, org.springframework.security.web.access.ExceptionTranslationFilter@2a479b01, org.springframework.security.web.access.intercept.FilterSecurityInterceptor@38b53fd8]
2021-06-06 20:48:41.862  INFO 12080 --- [    Test worker] o.s.s.concurrent.ThreadPoolTaskExecutor  : Initializing ExecutorService 'applicationTaskExecutor'
2021-06-06 20:48:41.957  WARN 12080 --- [    Test worker] aWebConfiguration$JpaWebMvcConfiguration : spring.jpa.open-in-view is enabled by default. Therefore, database queries may be performed during view rendering. Explicitly configure spring.jpa.open-in-view to disable this warning
2021-06-06 20:48:42.543  INFO 12080 --- [    Test worker] o.s.b.w.embedded.tomcat.TomcatWebServer  : Tomcat started on port(s): 63646 (http) with context path ''
2021-06-06 20:48:42.543  INFO 12080 --- [    Test worker] c.t.springboot.web.IndexControllerTest   : Started IndexControllerTest in 7.455 seconds (JVM running for 8.612)
2021-06-06 20:48:42.810  INFO 12080 --- [o-auto-1-exec-1] o.a.c.c.C.[Tomcat].[localhost].[/]       : Initializing Spring DispatcherServlet 'dispatcherServlet'
2021-06-06 20:48:42.810  INFO 12080 --- [o-auto-1-exec-1] o.s.web.servlet.DispatcherServlet        : Initializing Servlet 'dispatcherServlet'
2021-06-06 20:48:42.842  INFO 12080 --- [o-auto-1-exec-1] o.s.web.servlet.DispatcherServlet        : Completed initialization in 32 ms
Hibernate: select posts0_.id as id1_0_, posts0_.created_date as created_2_0_, posts0_.modified_date as modified3_0_, posts0_.author as author4_0_, posts0_.content as content5_0_, posts0_.title as title6_0_ from posts posts0_ order by posts0_.id desc
]]></system-out>
  <system-err><![CDATA[]]></system-err>
</testsuite>
