<?xml version="1.0" encoding="UTF-8"?>
<testsuite name="com.test.springboot.web.dto.HelloResponseDtoTest" tests="1" skipped="0" failures="0" errors="0" timestamp="2021-06-09T10:32:10" hostname="DESKTOP-EOND1QA" time="0.004">
  <properties/>
  <testcase name="dd" classname="com.test.springboot.web.dto.HelloResponseDtoTest" time="0.004"/>
  <system-out><![CDATA[]]></system-out>
  <system-err><![CDATA[]]></system-err>
</testsuite>
